INFO:__main__:カレントディレクトリ:Z:\##MyDevelopment##\pirarara-master\pirarara\src\pirarara
ERROR:__main__:An error occurred.
INFO:__main__:カレントディレクトリ:Z:\##MyDevelopment##\pirarara-master\pirarara\src\pirarara
ERROR:__main__:An error occurred.
INFO:__main__:カレントディレクトリ:Z:\##MyDevelopment##\pirarara-master\pirarara\src\pirarara
ERROR:__main__:An error occurred.
INFO:__main__:カレントディレクトリ:Z:\##MyDevelopment##\pirarara-master\pirarara\src\pirarara
ERROR:__main__:An error occurred.
INFO:__main__:カレントディレクトリ:Z:\##MyDevelopment##\pirarara-master\pirarara\src\pirarara
ERROR:__main__:An error occurred.
INFO:__main__:カレントディレクトリ:Z:\##MyDevelopment##\pirarara-master\pirarara\src\pirarara
ERROR:__main__:An error occurred.
INFO:__main__:カレントディレクトリ:Z:\##MyDevelopment##\pirarara-master\pirarara\src\pirarara
ERROR:__main__:An error occurred.
INFO:__main__:カレントディレクトリ:Z:\##MyDevelopment##\pirarara-master\pirarara\src\pirarara
ERROR:__main__:An error occurred.
INFO:__main__:カレントディレクトリ:Z:\##MyDevelopment##\pirarara-master\pirarara\src\pirarara
ERROR:__main__:An error occurred.
INFO:__main__:カレントディレクトリ:Z:\##MyDevelopment##\pirarara-master\pirarara\src\pirarara
ERROR:__main__:An error occurred.
INFO:__main__:カレントディレクトリ:Z:\##MyDevelopment##\pirarara-master\pirarara\src\pirarara
ERROR:__main__:An error occurred.
INFO:__main__:カレントディレクトリ:Z:\##MyDevelopment##\pirarara-master\pirarara\src\pirarara
ERROR:__main__:An error occurred.
INFO:__main__:カレントディレクトリ:Z:\##MyDevelopment##\pirarara-master\pirarara\src\pirarara
ERROR:__main__:An error occurred.
INFO:__main__:カレントディレクトリ:Z:\##MyDevelopment##\pirarara-master\pirarara\src\pirarara
ERROR:__main__:An error occurred.
INFO:__main__:カレントディレクトリ:Z:\##MyDevelopment##\pirarara-master\pirarara\src\pirarara
ERROR:__main__:An error occurred.
INFO:__main__:カレントディレクトリ:Z:\##MyDevelopment##\pirarara-master\pirarara\src\pirarara
ERROR:__main__:An error occurred.
INFO:__main__:カレントディレクトリ:Z:\##MyDevelopment##\pirarara-master\pirarara\src\pirarara
ERROR:__main__:An error occurred.
INFO:__main__:カレントディレクトリ:Z:\##MyDevelopment##\pirarara-master\pirarara\src\pirarara
ERROR:__main__:An error occurred.
INFO:__main__:カレントディレクトリ:Z:\##MyDevelopment##\pirarara-master\pirarara\src\pirarara
ERROR:__main__:An error occurred.
INFO:__main__:カレントディレクトリ:Z:\##MyDevelopment##\pirarara-master\pirarara\src\pirarara
ERROR:__main__:An error occurred.
INFO:__main__:カレントディレクトリ:Z:\##MyDevelopment##\pirarara-master\pirarara\src\pirarara
ERROR:__main__:An error occurred.
INFO:__main__:カレントディレクトリ:Z:\##MyDevelopment##\pirarara-master\pirarara\src\pirarara
ERROR:__main__:An error occurred.
INFO:pkg.gui.custom.tree_widget:category クラゲ
INFO:pkg.gui.custom.tree_widget:category 犬
INFO:pkg.gui.custom.tree_widget:category クラゲ
INFO:pkg.gui.custom.tree_widget:category 犬
INFO:pkg.gui.custom.tree_widget:category クラゲ
INFO:pkg.gui.custom.tree_widget:category 犬
INFO:pkg.gui.custom.tree_widget:category クラゲ
INFO:pkg.gui.custom.tree_widget:category 犬
INFO:pkg.gui.custom.tree_widget:category クラゲ
INFO:pkg.gui.custom.tree_widget:category 犬
INFO:pkg.gui.custom.tree_widget:category クラゲ
INFO:pkg.gui.custom.tree_widget:category 犬
INFO:pkg.gui.custom.tree_widget:category クラゲ
INFO:pkg.gui.custom.tree_widget:category 犬
INFO:pkg.gui.custom.tree_widget:category クラゲ
INFO:pkg.gui.custom.tree_widget:category 犬
INFO:pkg.gui.custom.tree_widget:category クラゲ
INFO:pkg.gui.custom.tree_widget:category 犬
INFO:pkg.gui.custom.tree_widget:category 犬
INFO:pkg.gui.custom.tree_widget:category クラゲ
INFO:pkg.gui.custom.tree_widget:category 犬
INFO:pkg.gui.custom.tree_widget:category クラゲ
INFO:pkg.gui.custom.tree_widget:category 犬
INFO:pkg.gui.custom.tree_widget:category クラゲ
INFO:pkg.gui.custom.tree_widget:category 犬
INFO:pkg.gui.custom.tree_widget:category クラゲ
INFO:pkg.gui.custom.tree_widget:category 犬
INFO:pkg.gui.custom.tree_widget:category クラゲ
INFO:pkg.gui.custom.tree_widget:category 犬
INFO:pkg.gui.custom.tree_widget:brand マイビデオ
INFO:pkg.gui.custom.tree_widget:category クラゲ
INFO:pkg.gui.custom.tree_widget:category 犬
INFO:pkg.gui.custom.tree_widget:brand マイビデオ
INFO:pkg.gui.custom.tree_widget:category クラゲ
INFO:pkg.gui.custom.tree_widget:category クラゲ
INFO:pkg.gui.custom.tree_widget:on_item_double_clicked: 0
INFO:pkg.gui.custom.tree_widget:category 犬
INFO:pkg.gui.custom.tree_widget:on_item_double_clicked: 0
INFO:pkg.gui.custom.tree_widget:category クラゲ
INFO:pkg.gui.custom.tree_widget:category 犬
INFO:pkg.gui.custom.tree_widget:category クラゲ
INFO:pkg.gui.custom.tree_widget:category 犬
INFO:pkg.gui.custom.tree_widget:on_item_double_clicked: 0
INFO:pkg.gui.custom.tree_widget:category クラゲ
INFO:pkg.gui.custom.tree_widget:on_item_double_clicked: 0
INFO:pkg.gui.custom.tree_widget:category 犬
INFO:pkg.gui.custom.tree_widget:category クラゲ
INFO:pkg.gui.custom.tree_widget:on_item_double_clicked: 0
INFO:pkg.gui.custom.tree_widget:category 犬
INFO:pkg.gui.custom.tree_widget:category クラゲ
INFO:pkg.gui.custom.tree_widget:category 犬
INFO:pkg.gui.custom.tree_widget:category クラゲ
INFO:pkg.gui.custom.tree_widget:on_item_double_clicked: 0
INFO:pkg.gui.custom.tree_widget:category クラゲ
INFO:pkg.gui.custom.tree_widget:category 犬
INFO:pkg.gui.custom.tree_widget:category クラゲ
INFO:pkg.gui.custom.tree_widget:category 犬
INFO:pkg.gui.custom.tree_widget:category クラゲ
INFO:pkg.gui.custom.tree_widget:category 犬
INFO:pkg.gui.custom.tree_widget:category クラゲ
INFO:pkg.gui.custom.tree_widget:category 犬
INFO:pkg.gui.custom.tree_widget:category クラゲ
INFO:pkg.gui.custom.tree_widget:category 犬
INFO:pkg.gui.custom.tree_widget:category クラゲ
INFO:pkg.gui.custom.tree_widget:category 犬
INFO:pkg.gui.custom.tree_widget:category クラゲ
INFO:pkg.gui.custom.tree_widget:brand マイビデオ
INFO:pkg.gui.custom.tree_widget:on_item_double_clicked: 1
INFO:pkg.gui.custom.tree_widget:category クラゲ
INFO:pkg.gui.custom.tree_widget:on_item_double_clicked: 0
INFO:pkg.gui.custom.tree_widget:category 犬
INFO:pkg.gui.custom.tree_widget:on_item_double_clicked: 0
INFO:pkg.gui.custom.tree_widget:category クラゲ
INFO:pkg.gui.custom.tree_widget:on_item_double_clicked: 0
INFO:pkg.gui.custom.tree_widget:category 犬
INFO:pkg.gui.custom.tree_widget:on_item_double_clicked: 0
INFO:pkg.gui.custom.tree_widget:category クラゲ
INFO:pkg.gui.custom.tree_widget:on_item_double_clicked: 0
INFO:pkg.gui.custom.tree_widget:category クラゲ
INFO:pkg.gui.custom.tree_widget:on_item_double_clicked: 0
INFO:pkg.gui.custom.combo_box:New item sample2
INFO:pkg.gui.custom.combo_box:add new item 
INFO:pkg.gui.custom.combo_box:New item 
INFO:pkg.gui.custom.combo_box:New item sample2
INFO:pkg.gui.custom.combo_box:New item sample2
INFO:pkg.gui.custom.combo_box:New item sample
INFO:pkg.gui.custom.combo_box:New item sample
INFO:pkg.gui.custom.combo_box:New item sample2
